<?xml version="1.0" encoding="UTF-8"?>
<!-- Generated by org.testng.reporters.JUnitXMLReporter -->
<testsuite hostname="hp-PC" ignored="0" name="TrackX.truelocate1 test" tests="2" failures="1" timestamp="09 Nov 2017 10:58:39 GMT" time="24.789" errors="0">
  <testcase name="LoginFlow" time="15.58" classname="com.trackx.truelocate.flow.SiteEditFlow"/>
  <testcase name="siteEditFlow" time="0.007" classname="com.trackx.truelocate.flow.SiteEditFlow">
    <failure type="org.testng.internal.reflect.MethodMatcherException" message="
Data provider mismatch
Method: siteEditFlow([Parameter{index=0, type=java.lang.String, declaredAnnotations=[]}, Parameter{index=1, type=java.lang.String, declaredAnnotations=[]}, Parameter{index=2, type=java.lang.String, declaredAnnotations=[]}])
Arguments: [(java.lang.String) 15009000,(java.lang.String) 1056001]">
      <![CDATA[org.testng.internal.reflect.MethodMatcherException: 
Data provider mismatch
Method: siteEditFlow([Parameter{index=0, type=java.lang.String, declaredAnnotations=[]}, Parameter{index=1, type=java.lang.String, declaredAnnotations=[]}, Parameter{index=2, type=java.lang.String, declaredAnnotations=[]}])
Arguments: [(java.lang.String) 15009000,(java.lang.String) 1056001]
... Removed 20 stack frames]]>
    </failure>
  </testcase> <!-- siteEditFlow -->
</testsuite> <!-- TrackX.truelocate1 test -->
