<?xml version="1.0" encoding="UTF-8"?>
<!-- Generated by org.testng.reporters.JUnitXMLReporter -->
<testsuite hostname="hp-PC" ignored="0" name="TrackX.truelocate test" tests="1" failures="0" timestamp="14 Nov 2017 10:24:17 GMT" time="0.107" errors="0">
  <testcase name="@BeforeClass setUp" time="0.01" classname="com.trackx.truelocate.flow.LoginFLow">
    <failure type="java.lang.NullPointerException">
      <![CDATA[java.lang.NullPointerException
	at com.trackx.truelocate.common.utils.GeneralActions.getBrowserVersion(GeneralActions.java:87)
	at com.trackx.truelocate.common.utils.GeneralActions.launchBrowser(GeneralActions.java:82)
	at com.trackx.truelocate.flow.LoginFLow.setUp(LoginFLow.java:35)
... Removed 25 stack frames]]>
    </failure>
  </testcase> <!-- @BeforeClass setUp -->
  <testcase name="@AfterClass quitDriver" time="0.0" classname="com.trackx.truelocate.flow.LoginFLow">
    <skipped/>
  </testcase> <!-- @AfterClass quitDriver -->
  <testcase name="LoginFlow" time="0.001" classname="com.trackx.truelocate.flow.LoginFLow">
    <skipped/>
  </testcase> <!-- LoginFlow -->
</testsuite> <!-- TrackX.truelocate test -->
