<?xml version="1.0" encoding="UTF-8"?>
<testng-results skipped="1" failed="0" ignored="0" total="1" passed="0">
  <reporter-output>
  </reporter-output>
  <suite name="TrackX.truelocate Suite" duration-ms="107" started-at="2017-11-14T10:24:17Z" finished-at="2017-11-14T10:24:17Z">
    <groups>
    </groups>
    <test name="TrackX.truelocate test" duration-ms="107" started-at="2017-11-14T10:24:17Z" finished-at="2017-11-14T10:24:17Z">
      <class name="com.trackx.truelocate.flow.LoginFLow">
        <test-method status="PASS" signature="excelCreation()[pri:0, instance:com.trackx.truelocate.flow.LoginFLow@10959ece]" name="excelCreation" is-config="true" duration-ms="185" started-at="2017-11-14T15:54:17Z" finished-at="2017-11-14T15:54:17Z">
          <reporter-output>
          </reporter-output>
        </test-method> <!-- excelCreation -->
        <test-method status="FAIL" signature="setUp()[pri:0, instance:com.trackx.truelocate.flow.LoginFLow@10959ece]" name="setUp" is-config="true" duration-ms="10" started-at="2017-11-14T15:54:17Z" finished-at="2017-11-14T15:54:17Z">
          <exception class="java.lang.NullPointerException">
            <full-stacktrace>
              <![CDATA[java.lang.NullPointerException
	at com.trackx.truelocate.common.utils.GeneralActions.getBrowserVersion(GeneralActions.java:87)
	at com.trackx.truelocate.common.utils.GeneralActions.launchBrowser(GeneralActions.java:82)
	at com.trackx.truelocate.flow.LoginFLow.setUp(LoginFLow.java:35)
	at sun.reflect.NativeMethodAccessorImpl.invoke0(Native Method)
	at sun.reflect.NativeMethodAccessorImpl.invoke(Unknown Source)
	at sun.reflect.DelegatingMethodAccessorImpl.invoke(Unknown Source)
	at java.lang.reflect.Method.invoke(Unknown Source)
	at org.testng.internal.MethodInvocationHelper.invokeMethod(MethodInvocationHelper.java:108)
	at org.testng.internal.Invoker.invokeConfigurationMethod(Invoker.java:523)
	at org.testng.internal.Invoker.invokeConfigurations(Invoker.java:224)
	at org.testng.internal.Invoker.invokeConfigurations(Invoker.java:146)
	at org.testng.internal.TestMethodWorker.invokeBeforeClassMethods(TestMethodWorker.java:165)
	at org.testng.internal.TestMethodWorker.run(TestMethodWorker.java:105)
	at org.testng.TestRunner.privateRun(TestRunner.java:776)
	at org.testng.TestRunner.run(TestRunner.java:634)
	at org.testng.SuiteRunner.runTest(SuiteRunner.java:425)
	at org.testng.SuiteRunner.runSequentially(SuiteRunner.java:420)
	at org.testng.SuiteRunner.privateRun(SuiteRunner.java:385)
	at org.testng.SuiteRunner.run(SuiteRunner.java:334)
	at org.testng.SuiteRunnerWorker.runSuite(SuiteRunnerWorker.java:52)
	at org.testng.SuiteRunnerWorker.run(SuiteRunnerWorker.java:86)
	at org.testng.TestNG.runSuitesSequentially(TestNG.java:1318)
	at org.testng.TestNG.runSuitesLocally(TestNG.java:1243)
	at org.testng.TestNG.runSuites(TestNG.java:1161)
	at org.testng.TestNG.run(TestNG.java:1129)
	at org.testng.remote.AbstractRemoteTestNG.run(AbstractRemoteTestNG.java:114)
	at org.testng.remote.RemoteTestNG.initAndRun(RemoteTestNG.java:251)
	at org.testng.remote.RemoteTestNG.main(RemoteTestNG.java:77)
]]>
            </full-stacktrace>
          </exception> <!-- java.lang.NullPointerException -->
          <reporter-output>
          </reporter-output>
        </test-method> <!-- setUp -->
        <test-method status="SKIP" signature="LoginFlow(java.lang.String, java.lang.String)[pri:1, instance:com.trackx.truelocate.flow.LoginFLow@10959ece]" name="LoginFlow" duration-ms="1" started-at="2017-11-14T15:54:17Z" data-provider="getData" finished-at="2017-11-14T15:54:17Z">
          <exception class="java.lang.NullPointerException">
            <full-stacktrace>
              <![CDATA[java.lang.NullPointerException
	at com.trackx.truelocate.common.utils.GeneralActions.getBrowserVersion(GeneralActions.java:87)
	at com.trackx.truelocate.common.utils.GeneralActions.launchBrowser(GeneralActions.java:82)
	at com.trackx.truelocate.flow.LoginFLow.setUp(LoginFLow.java:35)
	at sun.reflect.NativeMethodAccessorImpl.invoke0(Native Method)
	at sun.reflect.NativeMethodAccessorImpl.invoke(Unknown Source)
	at sun.reflect.DelegatingMethodAccessorImpl.invoke(Unknown Source)
	at java.lang.reflect.Method.invoke(Unknown Source)
	at org.testng.internal.MethodInvocationHelper.invokeMethod(MethodInvocationHelper.java:108)
	at org.testng.internal.Invoker.invokeConfigurationMethod(Invoker.java:523)
	at org.testng.internal.Invoker.invokeConfigurations(Invoker.java:224)
	at org.testng.internal.Invoker.invokeConfigurations(Invoker.java:146)
	at org.testng.internal.TestMethodWorker.invokeBeforeClassMethods(TestMethodWorker.java:165)
	at org.testng.internal.TestMethodWorker.run(TestMethodWorker.java:105)
	at org.testng.TestRunner.privateRun(TestRunner.java:776)
	at org.testng.TestRunner.run(TestRunner.java:634)
	at org.testng.SuiteRunner.runTest(SuiteRunner.java:425)
	at org.testng.SuiteRunner.runSequentially(SuiteRunner.java:420)
	at org.testng.SuiteRunner.privateRun(SuiteRunner.java:385)
	at org.testng.SuiteRunner.run(SuiteRunner.java:334)
	at org.testng.SuiteRunnerWorker.runSuite(SuiteRunnerWorker.java:52)
	at org.testng.SuiteRunnerWorker.run(SuiteRunnerWorker.java:86)
	at org.testng.TestNG.runSuitesSequentially(TestNG.java:1318)
	at org.testng.TestNG.runSuitesLocally(TestNG.java:1243)
	at org.testng.TestNG.runSuites(TestNG.java:1161)
	at org.testng.TestNG.run(TestNG.java:1129)
	at org.testng.remote.AbstractRemoteTestNG.run(AbstractRemoteTestNG.java:114)
	at org.testng.remote.RemoteTestNG.initAndRun(RemoteTestNG.java:251)
	at org.testng.remote.RemoteTestNG.main(RemoteTestNG.java:77)
]]>
            </full-stacktrace>
          </exception> <!-- java.lang.NullPointerException -->
          <reporter-output>
          </reporter-output>
        </test-method> <!-- LoginFlow -->
        <test-method status="SKIP" signature="quitDriver()[pri:0, instance:com.trackx.truelocate.flow.LoginFLow@10959ece]" name="quitDriver" is-config="true" duration-ms="0" started-at="2017-11-14T15:54:17Z" finished-at="2017-11-14T15:54:17Z">
          <reporter-output>
          </reporter-output>
        </test-method> <!-- quitDriver -->
        <test-method status="SKIP" signature="suiteTearDown()[pri:0, instance:com.trackx.truelocate.flow.LoginFLow@10959ece]" name="suiteTearDown" is-config="true" duration-ms="0" started-at="2017-11-14T15:54:17Z" finished-at="2017-11-14T15:54:17Z">
          <reporter-output>
          </reporter-output>
        </test-method> <!-- suiteTearDown -->
      </class> <!-- com.trackx.truelocate.flow.LoginFLow -->
    </test> <!-- TrackX.truelocate test -->
  </suite> <!-- TrackX.truelocate Suite -->
</testng-results>
